#
# There is insufficient memory for the Java Runtime Environment to continue.
# Native memory allocation (mmap) failed to map 32212254720 bytes for committing reserved memory.
# Possible reasons:
#   The system is out of physical RAM or swap space
#   The process is running with CompressedOops enabled, and the Java Heap may be blocking the growth of the native heap
# Possible solutions:
#   Reduce memory load on the system
#   Increase physical memory or swap space
#   Check if swap backing store is full
#   Decrease Java heap size (-Xmx/-Xms)
#   Decrease number of Java threads
#   Decrease Java thread stack sizes (-Xss)
#   Set larger code cache with -XX:ReservedCodeCacheSize=
# This output file may be truncated or incomplete.
#
#  Out of Memory Error (os_linux.cpp:3003), pid=3349119, tid=3349120
#
# JRE version:  (11.0.13+8) (build )
# Java VM: OpenJDK 64-Bit Server VM (11.0.13+8-Ubuntu-0ubuntu1.20.04, mixed mode, sharing, tiered, compressed oops, g1 gc, linux-amd64)
# Core dump will be written. Default location: Core dumps may be processed with "/usr/share/apport/apport %p %s %c %d %P %E" (or dumping to /home/bertrand/Documents/code/PACE2017-TrackA/core.3349119)
#

---------------  S U M M A R Y ------------

Command Line: -Xmx30g -Xms30g -Xss10m tw.exact.MainDecomposer

Host: Intel(R) Core(TM) i7-7500U CPU @ 2.70GHz, 4 cores, 15G, Ubuntu 20.04.3 LTS
Time: Mon Dec 20 09:42:03 2021 CET elapsed time: 0.030088 seconds (0d 0h 0m 0s)

---------------  T H R E A D  ---------------

Current thread (0x00007fdd48016800):  JavaThread "Unknown thread" [_thread_in_vm, id=3349120, stack(0x00007fdd4e180000,0x00007fdd4eb81000)]

Stack: [0x00007fdd4e180000,0x00007fdd4eb81000],  sp=0x00007fdd4eb7f210,  free space=10236k
Native frames: (J=compiled Java code, A=aot compiled Java code, j=interpreted, Vv=VM code, C=native code)
V  [libjvm.so+0xe8db7a]
V  [libjvm.so+0xe8e871]
V  [libjvm.so+0x674cfa]
V  [libjvm.so+0xbdba90]
V  [libjvm.so+0xbd1fd1]
V  [libjvm.so+0x78d1d2]
V  [libjvm.so+0x78d5c0]
V  [libjvm.so+0x7987f7]
V  [libjvm.so+0x817bd8]
V  [libjvm.so+0x8187f8]
V  [libjvm.so+0x818e2e]
V  [libjvm.so+0x7465d6]
V  [libjvm.so+0x746ce2]
V  [libjvm.so+0xe4d3d6]
V  [libjvm.so+0xe4d69a]
V  [libjvm.so+0x836fec]
V  [libjvm.so+0xe2569b]
V  [libjvm.so+0x8e8b85]  JNI_CreateJavaVM+0x55
C  [libjli.so+0x4daf]
C  [libjli.so+0x9cdd]


---------------  P R O C E S S  ---------------

Threads class SMR info:
_java_thread_list=0x000055a9b5046ff0, length=0, elements={
}

Java Threads: ( => current thread )

Other Threads:
  0x00007fdd4802e800 GCTaskThread "GC Thread#0" [stack: 0x00007fdd4de34000,0x00007fdd4df34000] [id=3349121]
  0x00007fdd4806d000 ConcurrentGCThread "G1 Main Marker" [stack: 0x00007fdd4d7bd000,0x00007fdd4d8bd000] [id=3349122]
  0x00007fdd4806f000 ConcurrentGCThread "G1 Conc#0" [stack: 0x00007fdd4d6bb000,0x00007fdd4d7bb000] [id=3349123]

[error occurred during error reporting (printing all threads), id 0xb, SIGSEGV (0xb) at pc=0x00007fdd4f630f14]

VM state:not at safepoint (not fully initialized)

VM Mutex/Monitor currently owned by a thread:  ([mutex/lock_event])
[0x00007fdd48013ab0] Heap_lock - owner thread: 0x00007fdd48016800

Heap address: 0x0000000080000000, size: 30720 MB, Compressed Oops mode: Non-zero based: 0x0000000080000000
Narrow klass base: 0x0000000000000000, Narrow klass shift: 0

GC Heap History (0 events):
No events

Deoptimization events (0 events):
No events

Classes redefined (0 events):
No events

Internal exceptions (0 events):
No events

Events (2 events):
Event: 0.006 Protecting memory [0x00007fdd4e180000,0x00007fdd4e184000] with protection modes 0
Event: 0.006 Loaded shared library /usr/lib/jvm/java-11-openjdk-amd64/lib/libzip.so


Dynamic libraries:
55a9b362f000-55a9b3630000 r--p 00000000 103:03 1573660                   /usr/lib/jvm/java-11-openjdk-amd64/bin/java
55a9b3630000-55a9b3631000 r-xp 00001000 103:03 1573660                   /usr/lib/jvm/java-11-openjdk-amd64/bin/java
55a9b3631000-55a9b3632000 r--p 00002000 103:03 1573660                   /usr/lib/jvm/java-11-openjdk-amd64/bin/java
55a9b3632000-55a9b3633000 r--p 00002000 103:03 1573660                   /usr/lib/jvm/java-11-openjdk-amd64/bin/java
55a9b3633000-55a9b3634000 rw-p 00003000 103:03 1573660                   /usr/lib/jvm/java-11-openjdk-amd64/bin/java
55a9b502f000-55a9b5050000 rw-p 00000000 00:00 0                          [heap]
7fdcd8000000-7fdcd8021000 rw-p 00000000 00:00 0 
7fdcd8021000-7fdcdc000000 ---p 00000000 00:00 0 
7fdcde000000-7fdce0000000 rw-p 00000000 00:00 0 
7fdce0000000-7fdce0021000 rw-p 00000000 00:00 0 
7fdce0021000-7fdce4000000 ---p 00000000 00:00 0 
7fdce4c00000-7fdd2c000000 ---p 00000000 00:00 0 
7fdd2c000000-7fdd2c021000 rw-p 00000000 00:00 0 
7fdd2c021000-7fdd30000000 ---p 00000000 00:00 0 
7fdd30853000-7fdd30ac3000 rwxp 00000000 00:00 0 
7fdd30ac3000-7fdd30de3000 ---p 00000000 00:00 0 
7fdd30de3000-7fdd31053000 rwxp 00000000 00:00 0 
7fdd31053000-7fdd3831b000 ---p 00000000 00:00 0 
7fdd3831b000-7fdd3858b000 rwxp 00000000 00:00 0 
7fdd3858b000-7fdd3f853000 ---p 00000000 00:00 0 
7fdd3f853000-7fdd48000000 r--s 00000000 103:03 1970954                   /usr/lib/jvm/java-11-openjdk-amd64/lib/modules
7fdd48000000-7fdd4808a000 rw-p 00000000 00:00 0 
7fdd4808a000-7fdd4c000000 ---p 00000000 00:00 0 
7fdd4d2b5000-7fdd4d6b9000 rw-p 00000000 00:00 0 
7fdd4d6b9000-7fdd4d6ba000 ---p 00000000 00:00 0 
7fdd4d6ba000-7fdd4d7bb000 rw-p 00000000 00:00 0 
7fdd4d7bb000-7fdd4d7bc000 ---p 00000000 00:00 0 
7fdd4d7bc000-7fdd4de32000 rw-p 00000000 00:00 0 
7fdd4de32000-7fdd4de33000 ---p 00000000 00:00 0 
7fdd4de33000-7fdd4df39000 rw-p 00000000 00:00 0 
7fdd4df39000-7fdd4e01f000 ---p 00000000 00:00 0 
7fdd4e01f000-7fdd4e024000 rw-p 00000000 00:00 0 
7fdd4e024000-7fdd4e10a000 ---p 00000000 00:00 0 
7fdd4e10a000-7fdd4e10f000 rw-p 00000000 00:00 0 
7fdd4e10f000-7fdd4e116000 ---p 00000000 00:00 0 
7fdd4e116000-7fdd4e119000 r--p 00000000 103:03 1450095                   /usr/lib/x86_64-linux-gnu/libnss_files-2.31.so
7fdd4e119000-7fdd4e120000 r-xp 00003000 103:03 1450095                   /usr/lib/x86_64-linux-gnu/libnss_files-2.31.so
7fdd4e120000-7fdd4e122000 r--p 0000a000 103:03 1450095                   /usr/lib/x86_64-linux-gnu/libnss_files-2.31.so
7fdd4e122000-7fdd4e123000 r--p 0000b000 103:03 1450095                   /usr/lib/x86_64-linux-gnu/libnss_files-2.31.so
7fdd4e123000-7fdd4e124000 rw-p 0000c000 103:03 1450095                   /usr/lib/x86_64-linux-gnu/libnss_files-2.31.so
7fdd4e124000-7fdd4e12a000 rw-p 00000000 00:00 0 
7fdd4e12a000-7fdd4e12c000 r--s 0000c000 103:03 2232907                   /usr/share/java/java-atk-wrapper.jar
7fdd4e12c000-7fdd4e12e000 r--p 00000000 103:03 1970953                   /usr/lib/jvm/java-11-openjdk-amd64/lib/libzip.so
7fdd4e12e000-7fdd4e132000 r-xp 00002000 103:03 1970953                   /usr/lib/jvm/java-11-openjdk-amd64/lib/libzip.so
7fdd4e132000-7fdd4e134000 r--p 00006000 103:03 1970953                   /usr/lib/jvm/java-11-openjdk-amd64/lib/libzip.so
7fdd4e134000-7fdd4e135000 r--p 00007000 103:03 1970953                   /usr/lib/jvm/java-11-openjdk-amd64/lib/libzip.so
7fdd4e135000-7fdd4e136000 rw-p 00008000 103:03 1970953                   /usr/lib/jvm/java-11-openjdk-amd64/lib/libzip.so
7fdd4e136000-7fdd4e13e000 rw-s 00000000 103:03 26738699                  /tmp/hsperfdata_bertrand/3349119
7fdd4e13e000-7fdd4e140000 r--p 00000000 103:03 1970936                   /usr/lib/jvm/java-11-openjdk-amd64/lib/libjimage.so
7fdd4e140000-7fdd4e143000 r-xp 00002000 103:03 1970936                   /usr/lib/jvm/java-11-openjdk-amd64/lib/libjimage.so
7fdd4e143000-7fdd4e144000 r--p 00005000 103:03 1970936                   /usr/lib/jvm/java-11-openjdk-amd64/lib/libjimage.so
7fdd4e144000-7fdd4e145000 ---p 00006000 103:03 1970936                   /usr/lib/jvm/java-11-openjdk-amd64/lib/libjimage.so
7fdd4e145000-7fdd4e146000 r--p 00006000 103:03 1970936                   /usr/lib/jvm/java-11-openjdk-amd64/lib/libjimage.so
7fdd4e146000-7fdd4e147000 rw-p 00007000 103:03 1970936                   /usr/lib/jvm/java-11-openjdk-amd64/lib/libjimage.so
7fdd4e147000-7fdd4e155000 r--p 00000000 103:03 1970933                   /usr/lib/jvm/java-11-openjdk-amd64/lib/libjava.so
7fdd4e155000-7fdd4e16b000 r-xp 0000e000 103:03 1970933                   /usr/lib/jvm/java-11-openjdk-amd64/lib/libjava.so
7fdd4e16b000-7fdd4e172000 r--p 00024000 103:03 1970933                   /usr/lib/jvm/java-11-openjdk-amd64/lib/libjava.so
7fdd4e172000-7fdd4e173000 r--p 0002a000 103:03 1970933                   /usr/lib/jvm/java-11-openjdk-amd64/lib/libjava.so
7fdd4e173000-7fdd4e174000 rw-p 0002b000 103:03 1970933                   /usr/lib/jvm/java-11-openjdk-amd64/lib/libjava.so
7fdd4e174000-7fdd4e175000 rw-p 00000000 00:00 0 
7fdd4e175000-7fdd4e178000 r--p 00000000 103:03 1450302                   /usr/lib/x86_64-linux-gnu/librt-2.31.so
7fdd4e178000-7fdd4e17c000 r-xp 00003000 103:03 1450302                   /usr/lib/x86_64-linux-gnu/librt-2.31.so
7fdd4e17c000-7fdd4e17d000 r--p 00007000 103:03 1450302                   /usr/lib/x86_64-linux-gnu/librt-2.31.so
7fdd4e17d000-7fdd4e17e000 ---p 00008000 103:03 1450302                   /usr/lib/x86_64-linux-gnu/librt-2.31.so
7fdd4e17e000-7fdd4e17f000 r--p 00008000 103:03 1450302                   /usr/lib/x86_64-linux-gnu/librt-2.31.so
7fdd4e17f000-7fdd4e180000 rw-p 00009000 103:03 1450302                   /usr/lib/x86_64-linux-gnu/librt-2.31.so
7fdd4e180000-7fdd4e184000 ---p 00000000 00:00 0 
7fdd4e184000-7fdd4eb81000 rw-p 00000000 00:00 0 
7fdd4eb81000-7fdd4eb84000 r--p 00000000 103:03 1449608                   /usr/lib/x86_64-linux-gnu/libgcc_s.so.1
7fdd4eb84000-7fdd4eb96000 r-xp 00003000 103:03 1449608                   /usr/lib/x86_64-linux-gnu/libgcc_s.so.1
7fdd4eb96000-7fdd4eb9a000 r--p 00015000 103:03 1449608                   /usr/lib/x86_64-linux-gnu/libgcc_s.so.1
7fdd4eb9a000-7fdd4eb9b000 r--p 00018000 103:03 1449608                   /usr/lib/x86_64-linux-gnu/libgcc_s.so.1
7fdd4eb9b000-7fdd4eb9c000 rw-p 00019000 103:03 1449608                   /usr/lib/x86_64-linux-gnu/libgcc_s.so.1
7fdd4eb9c000-7fdd4ebab000 r--p 00000000 103:03 1449969                   /usr/lib/x86_64-linux-gnu/libm-2.31.so
7fdd4ebab000-7fdd4ec52000 r-xp 0000f000 103:03 1449969                   /usr/lib/x86_64-linux-gnu/libm-2.31.so
7fdd4ec52000-7fdd4ece9000 r--p 000b6000 103:03 1449969                   /usr/lib/x86_64-linux-gnu/libm-2.31.so
7fdd4ece9000-7fdd4ecea000 r--p 0014c000 103:03 1449969                   /usr/lib/x86_64-linux-gnu/libm-2.31.so
7fdd4ecea000-7fdd4eceb000 rw-p 0014d000 103:03 1449969                   /usr/lib/x86_64-linux-gnu/libm-2.31.so
7fdd4eceb000-7fdd4ed81000 r--p 00000000 103:03 1450411                   /usr/lib/x86_64-linux-gnu/libstdc++.so.6.0.28
7fdd4ed81000-7fdd4ee72000 r-xp 00096000 103:03 1450411                   /usr/lib/x86_64-linux-gnu/libstdc++.so.6.0.28
7fdd4ee72000-7fdd4eebb000 r--p 00187000 103:03 1450411                   /usr/lib/x86_64-linux-gnu/libstdc++.so.6.0.28
7fdd4eebb000-7fdd4eebc000 ---p 001d0000 103:03 1450411                   /usr/lib/x86_64-linux-gnu/libstdc++.so.6.0.28
7fdd4eebc000-7fdd4eec7000 r--p 001d0000 103:03 1450411                   /usr/lib/x86_64-linux-gnu/libstdc++.so.6.0.28
7fdd4eec7000-7fdd4eeca000 rw-p 001db000 103:03 1450411                   /usr/lib/x86_64-linux-gnu/libstdc++.so.6.0.28
7fdd4eeca000-7fdd4eecd000 rw-p 00000000 00:00 0 
7fdd4eecd000-7fdd4f14e000 r--p 00000000 103:03 1970959                   /usr/lib/jvm/java-11-openjdk-amd64/lib/server/libjvm.so
7fdd4f14e000-7fdd4fdce000 r-xp 00281000 103:03 1970959                   /usr/lib/jvm/java-11-openjdk-amd64/lib/server/libjvm.so
7fdd4fdce000-7fdd50029000 r--p 00f01000 103:03 1970959                   /usr/lib/jvm/java-11-openjdk-amd64/lib/server/libjvm.so
7fdd50029000-7fdd500ed000 r--p 0115b000 103:03 1970959                   /usr/lib/jvm/java-11-openjdk-amd64/lib/server/libjvm.so
7fdd500ed000-7fdd50128000 rw-p 0121f000 103:03 1970959                   /usr/lib/jvm/java-11-openjdk-amd64/lib/server/libjvm.so
7fdd50128000-7fdd50181000 rw-p 00000000 00:00 0 
7fdd50181000-7fdd50188000 r--p 00000000 103:03 1450239                   /usr/lib/x86_64-linux-gnu/libpthread-2.31.so
7fdd50188000-7fdd50199000 r-xp 00007000 103:03 1450239                   /usr/lib/x86_64-linux-gnu/libpthread-2.31.so
7fdd50199000-7fdd5019e000 r--p 00018000 103:03 1450239                   /usr/lib/x86_64-linux-gnu/libpthread-2.31.so
7fdd5019e000-7fdd5019f000 r--p 0001c000 103:03 1450239                   /usr/lib/x86_64-linux-gnu/libpthread-2.31.so
7fdd5019f000-7fdd501a0000 rw-p 0001d000 103:03 1450239                   /usr/lib/x86_64-linux-gnu/libpthread-2.31.so
7fdd501a0000-7fdd501a4000 rw-p 00000000 00:00 0 
7fdd501a4000-7fdd501a5000 r--p 00000000 103:03 1449456                   /usr/lib/x86_64-linux-gnu/libdl-2.31.so
7fdd501a5000-7fdd501a7000 r-xp 00001000 103:03 1449456                   /usr/lib/x86_64-linux-gnu/libdl-2.31.so
7fdd501a7000-7fdd501a8000 r--p 00003000 103:03 1449456                   /usr/lib/x86_64-linux-gnu/libdl-2.31.so
7fdd501a8000-7fdd501a9000 r--p 00003000 103:03 1449456                   /usr/lib/x86_64-linux-gnu/libdl-2.31.so
7fdd501a9000-7fdd501aa000 rw-p 00004000 103:03 1449456                   /usr/lib/x86_64-linux-gnu/libdl-2.31.so
7fdd501aa000-7fdd501ac000 r--p 00000000 103:03 1450674                   /usr/lib/x86_64-linux-gnu/libz.so.1.2.11
7fdd501ac000-7fdd501bd000 r-xp 00002000 103:03 1450674                   /usr/lib/x86_64-linux-gnu/libz.so.1.2.11
7fdd501bd000-7fdd501c3000 r--p 00013000 103:03 1450674                   /usr/lib/x86_64-linux-gnu/libz.so.1.2.11
7fdd501c3000-7fdd501c4000 ---p 00019000 103:03 1450674                   /usr/lib/x86_64-linux-gnu/libz.so.1.2.11
7fdd501c4000-7fdd501c5000 r--p 00019000 103:03 1450674                   /usr/lib/x86_64-linux-gnu/libz.so.1.2.11
7fdd501c5000-7fdd501c6000 rw-p 0001a000 103:03 1450674                   /usr/lib/x86_64-linux-gnu/libz.so.1.2.11
7fdd501c6000-7fdd501eb000 r--p 00000000 103:03 1449315                   /usr/lib/x86_64-linux-gnu/libc-2.31.so
7fdd501eb000-7fdd50363000 r-xp 00025000 103:03 1449315                   /usr/lib/x86_64-linux-gnu/libc-2.31.so
7fdd50363000-7fdd503ad000 r--p 0019d000 103:03 1449315                   /usr/lib/x86_64-linux-gnu/libc-2.31.so
7fdd503ad000-7fdd503ae000 ---p 001e7000 103:03 1449315                   /usr/lib/x86_64-linux-gnu/libc-2.31.so
7fdd503ae000-7fdd503b1000 r--p 001e7000 103:03 1449315                   /usr/lib/x86_64-linux-gnu/libc-2.31.so
7fdd503b1000-7fdd503b4000 rw-p 001ea000 103:03 1449315                   /usr/lib/x86_64-linux-gnu/libc-2.31.so
7fdd503b4000-7fdd503b8000 rw-p 00000000 00:00 0 
7fdd503b8000-7fdd503b9000 ---p 00000000 00:00 0 
7fdd503b9000-7fdd503ba000 r--p 00000000 00:00 0 
7fdd503ba000-7fdd503bf000 r--p 00000000 103:03 1970952                   /usr/lib/jvm/java-11-openjdk-amd64/lib/libverify.so
7fdd503bf000-7fdd503c6000 r-xp 00005000 103:03 1970952                   /usr/lib/jvm/java-11-openjdk-amd64/lib/libverify.so
7fdd503c6000-7fdd503c8000 r--p 0000c000 103:03 1970952                   /usr/lib/jvm/java-11-openjdk-amd64/lib/libverify.so
7fdd503c8000-7fdd503c9000 ---p 0000e000 103:03 1970952                   /usr/lib/jvm/java-11-openjdk-amd64/lib/libverify.so
7fdd503c9000-7fdd503cb000 r--p 0000e000 103:03 1970952                   /usr/lib/jvm/java-11-openjdk-amd64/lib/libverify.so
7fdd503cb000-7fdd503cc000 rw-p 00010000 103:03 1970952                   /usr/lib/jvm/java-11-openjdk-amd64/lib/libverify.so
7fdd503cc000-7fdd503cf000 r--p 00000000 103:03 1970918                   /usr/lib/jvm/java-11-openjdk-amd64/lib/jli/libjli.so
7fdd503cf000-7fdd503d9000 r-xp 00003000 103:03 1970918                   /usr/lib/jvm/java-11-openjdk-amd64/lib/jli/libjli.so
7fdd503d9000-7fdd503dc000 r--p 0000d000 103:03 1970918                   /usr/lib/jvm/java-11-openjdk-amd64/lib/jli/libjli.so
7fdd503dc000-7fdd503dd000 ---p 00010000 103:03 1970918                   /usr/lib/jvm/java-11-openjdk-amd64/lib/jli/libjli.so
7fdd503dd000-7fdd503de000 r--p 00010000 103:03 1970918                   /usr/lib/jvm/java-11-openjdk-amd64/lib/jli/libjli.so
7fdd503de000-7fdd503df000 rw-p 00011000 103:03 1970918                   /usr/lib/jvm/java-11-openjdk-amd64/lib/jli/libjli.so
7fdd503df000-7fdd503e1000 rw-p 00000000 00:00 0 
7fdd503e1000-7fdd503e2000 r--p 00000000 103:03 1449097                   /usr/lib/x86_64-linux-gnu/ld-2.31.so
7fdd503e2000-7fdd50405000 r-xp 00001000 103:03 1449097                   /usr/lib/x86_64-linux-gnu/ld-2.31.so
7fdd50405000-7fdd5040d000 r--p 00024000 103:03 1449097                   /usr/lib/x86_64-linux-gnu/ld-2.31.so
7fdd5040e000-7fdd5040f000 r--p 0002c000 103:03 1449097                   /usr/lib/x86_64-linux-gnu/ld-2.31.so
7fdd5040f000-7fdd50410000 rw-p 0002d000 103:03 1449097                   /usr/lib/x86_64-linux-gnu/ld-2.31.so
7fdd50410000-7fdd50411000 rw-p 00000000 00:00 0 
7fffb9243000-7fffb9264000 rw-p 00000000 00:00 0                          [stack]
7fffb92a6000-7fffb92aa000 r--p 00000000 00:00 0                          [vvar]
7fffb92aa000-7fffb92ac000 r-xp 00000000 00:00 0                          [vdso]
ffffffffff600000-ffffffffff601000 --xp 00000000 00:00 0                  [vsyscall]


VM Arguments:
jvm_args: -Xmx30g -Xms30g -Xss10m 
java_command: tw.exact.MainDecomposer
java_class_path (initial): .
Launcher Type: SUN_STANDARD

[Global flags]
     intx CICompilerCount                          = 3                                         {product} {ergonomic}
     uint ConcGCThreads                            = 1                                         {product} {ergonomic}
     uint G1ConcRefinementThreads                  = 4                                         {product} {ergonomic}
   size_t G1HeapRegionSize                         = 8388608                                   {product} {ergonomic}
    uintx GCDrainStackTargetSize                   = 64                                        {product} {ergonomic}
   size_t InitialHeapSize                          = 32212254720                               {product} {command line}
   size_t MarkStackSize                            = 4194304                                   {product} {ergonomic}
   size_t MaxHeapSize                              = 32212254720                               {product} {command line}
   size_t MinHeapDeltaBytes                        = 8388608                                   {product} {ergonomic}
    uintx NonNMethodCodeHeapSize                   = 5830732                                {pd product} {ergonomic}
    uintx NonProfiledCodeHeapSize                  = 122913754                              {pd product} {ergonomic}
    uintx ProfiledCodeHeapSize                     = 122913754                              {pd product} {ergonomic}
    uintx ReservedCodeCacheSize                    = 251658240                              {pd product} {ergonomic}
     bool SegmentedCodeCache                       = true                                      {product} {ergonomic}
     intx ThreadStackSize                          = 10240                                  {pd product} {command line}
     bool UseCompressedClassPointers               = true                                 {lp64_product} {ergonomic}
     bool UseCompressedOops                        = true                                 {lp64_product} {ergonomic}
     bool UseG1GC                                  = true                                      {product} {ergonomic}

Logging:
Log output configuration:
 #0: stdout all=warning uptime,level,tags
 #1: stderr all=off uptime,level,tags

Environment Variables:
PATH=/usr/local/sbin:/usr/local/bin:/usr/sbin:/usr/bin:/sbin:/bin:/usr/games:/usr/local/games:/snap/bin
USERNAME=bertrand
SHELL=/bin/bash
DISPLAY=:0
LANG=en_US.UTF-8

Signal Handlers:
SIGSEGV: [libjvm.so+0xe8e8d0], sa_mask[0]=11111111011111111101111111111110, sa_flags=SA_RESTART|SA_SIGINFO
SIGBUS: [libjvm.so+0xe8e8d0], sa_mask[0]=11111111011111111101111111111110, sa_flags=SA_RESTART|SA_SIGINFO
SIGFPE: [libjvm.so+0xe8e8d0], sa_mask[0]=11111111011111111101111111111110, sa_flags=SA_RESTART|SA_SIGINFO
SIGPIPE: [libjvm.so+0xbd6910], sa_mask[0]=11111111011111111101111111111110, sa_flags=SA_RESTART|SA_SIGINFO
SIGXFSZ: [libjvm.so+0xbd6910], sa_mask[0]=11111111011111111101111111111110, sa_flags=SA_RESTART|SA_SIGINFO
SIGILL: [libjvm.so+0xe8e8d0], sa_mask[0]=11111111011111111101111111111110, sa_flags=SA_RESTART|SA_SIGINFO
SIGUSR2: [libjvm.so+0xbd67b0], sa_mask[0]=00000000000000000000000000000000, sa_flags=SA_RESTART|SA_SIGINFO
SIGHUP: SIG_DFL, sa_mask[0]=00000000000000000000000000000000, sa_flags=none
SIGINT: SIG_DFL, sa_mask[0]=00000000000000000000000000000000, sa_flags=none
SIGTERM: SIG_DFL, sa_mask[0]=00000000000000000000000000000000, sa_flags=none
SIGQUIT: SIG_DFL, sa_mask[0]=00000000000000000000000000000000, sa_flags=none


---------------  S Y S T E M  ---------------

OS:DISTRIB_ID=Ubuntu
DISTRIB_RELEASE=20.04
DISTRIB_CODENAME=focal
DISTRIB_DESCRIPTION="Ubuntu 20.04.3 LTS"
uname:Linux 5.11.0-43-generic #47~20.04.2-Ubuntu SMP Mon Dec 13 11:06:56 UTC 2021 x86_64
OS uptime: 0 days 21:59 hours
libc:glibc 2.31 NPTL 2.31 
rlimit (soft/hard): STACK 8192k/infinity , CORE 0k/infinity , NPROC 61535/61535 , NOFILE 1048576/1048576 , AS infinity/infinity , CPU infinity/infinity , DATA infinity/infinity , FSIZE infinity/infinity , MEMLOCK 65536k/65536k
load average:0.75 1.08 1.49

/proc/meminfo:
MemTotal:       15818596 kB
MemFree:          745128 kB
MemAvailable:   10243744 kB
Buffers:          475928 kB
Cached:         10607700 kB
SwapCached:          308 kB
Active:          3196776 kB
Inactive:        9993464 kB
Active(anon):     446956 kB
Inactive(anon):  3693196 kB
Active(file):    2749820 kB
Inactive(file):  6300268 kB
Unevictable:      749148 kB
Mlocked:              16 kB
SwapTotal:       2097148 kB
SwapFree:        2008828 kB
Dirty:               528 kB
Writeback:             0 kB
AnonPages:       2855696 kB
Mapped:           820800 kB
Shmem:           2036320 kB
KReclaimable:     790628 kB
Slab:             966948 kB
SReclaimable:     790628 kB
SUnreclaim:       176320 kB
KernelStack:       24880 kB
PageTables:        47228 kB
NFS_Unstable:          0 kB
Bounce:                0 kB
WritebackTmp:          0 kB
CommitLimit:    10006444 kB
Committed_AS:   11021916 kB
VmallocTotal:   34359738367 kB
VmallocUsed:       46668 kB
VmallocChunk:          0 kB
Percpu:             4096 kB
HardwareCorrupted:     0 kB
AnonHugePages:         0 kB
ShmemHugePages:        0 kB
ShmemPmdMapped:        0 kB
FileHugePages:         0 kB
FilePmdMapped:         0 kB
HugePages_Total:       0
HugePages_Free:        0
HugePages_Rsvd:        0
HugePages_Surp:        0
Hugepagesize:       2048 kB
Hugetlb:               0 kB
DirectMap4k:      521528 kB
DirectMap2M:    14626816 kB
DirectMap1G:     1048576 kB

/sys/kernel/mm/transparent_hugepage/enabled:
always [madvise] never
/sys/kernel/mm/transparent_hugepage/defrag (defrag/compaction efforts parameter):
always defer defer+madvise [madvise] never

Process Memory:
Virtual Size: 1897812K (peak: 33383748K)
Resident Set Size: 15896K (peak: 15896K) (anon: 2896K, file: 13000K, shmem: 0K)
Swapped out: 0K
C-Heap outstanding allocations: 656K

/proc/sys/kernel/threads-max (system-wide limit on the number of threads):
123071
/proc/sys/vm/max_map_count (maximum number of memory map areas a process may have):
65530
/proc/sys/kernel/pid_max (system-wide limit on number of process identifiers):
4194304

container (cgroup) information:
container_type: cgroupv1
cpu_cpuset_cpus: 0-3
cpu_memory_nodes: 0
active_processor_count: 4
cpu_quota: -1
cpu_period: 100000
cpu_shares: -1
memory_limit_in_bytes: -1
memory_and_swap_limit_in_bytes: -1
memory_soft_limit_in_bytes: -1
memory_usage_in_bytes: 13457362944
memory_max_usage_in_bytes: 14148087808

Steal ticks since vm start: 0
Steal ticks percentage since vm start:  0.000

CPU:total 4 (initial active 4) (2 cores per cpu, 2 threads per core) family 6 model 142 stepping 9 microcode 0xea, cmov, cx8, fxsr, mmx, sse, sse2, sse3, ssse3, sse4.1, sse4.2, popcnt, avx, avx2, aes, clmul, erms, 3dnowpref, lzcnt, ht, tsc, tscinvbit, bmi1, bmi2, adx, fma
CPU Model and flags from /proc/cpuinfo:
model name	: Intel(R) Core(TM) i7-7500U CPU @ 2.70GHz
flags		: fpu vme de pse tsc msr pae mce cx8 apic sep mtrr pge mca cmov pat pse36 clflush dts acpi mmx fxsr sse sse2 ss ht tm pbe syscall nx pdpe1gb rdtscp lm constant_tsc art arch_perfmon pebs bts rep_good nopl xtopology nonstop_tsc cpuid aperfmperf pni pclmulqdq dtes64 monitor ds_cpl vmx est tm2 ssse3 sdbg fma cx16 xtpr pdcm pcid sse4_1 sse4_2 x2apic movbe popcnt tsc_deadline_timer aes xsave avx f16c rdrand lahf_lm abm 3dnowprefetch cpuid_fault epb invpcid_single pti ssbd ibrs ibpb stibp tpr_shadow vnmi flexpriority ept vpid ept_ad fsgsbase tsc_adjust bmi1 avx2 smep bmi2 erms invpcid mpx rdseed adx smap clflushopt intel_pt xsaveopt xsavec xgetbv1 xsaves dtherm ida arat pln pts hwp hwp_notify hwp_act_window hwp_epp md_clear flush_l1d
Online cpus:
0-3
Offline cpus:

BIOS frequency limitation:
<Not Available>
Frequency switch latency (ns):
0
Available cpu frequencies:
<Not Available>
Current governor:
powersave
Core performance/turbo boost:
<Not Available>

Memory: 4k page, physical 15818596k(745128k free), swap 2097148k(2008828k free)

vm_info: OpenJDK 64-Bit Server VM (11.0.13+8-Ubuntu-0ubuntu1.20.04) for linux-amd64 JRE (11.0.13+8-Ubuntu-0ubuntu1.20.04), built on Oct 29 2021 09:11:30 by "unknown" with gcc 9.3.0

END.
