#
# There is insufficient memory for the Java Runtime Environment to continue.
# Native memory allocation (mmap) failed to map 32212254720 bytes for committing reserved memory.
# Possible reasons:
#   The system is out of physical RAM or swap space
#   The process is running with CompressedOops enabled, and the Java Heap may be blocking the growth of the native heap
# Possible solutions:
#   Reduce memory load on the system
#   Increase physical memory or swap space
#   Check if swap backing store is full
#   Decrease Java heap size (-Xmx/-Xms)
#   Decrease number of Java threads
#   Decrease Java thread stack sizes (-Xss)
#   Set larger code cache with -XX:ReservedCodeCacheSize=
# This output file may be truncated or incomplete.
#
#  Out of Memory Error (os_linux.cpp:3003), pid=1983, tid=1984
#
# JRE version:  (11.0.13+8) (build )
# Java VM: OpenJDK 64-Bit Server VM (11.0.13+8-Ubuntu-0ubuntu1.20.04, mixed mode, sharing, tiered, compressed oops, g1 gc, linux-amd64)
# Core dump will be written. Default location: Core dumps may be processed with "/usr/share/apport/apport %p %s %c %d %P %E" (or dumping to /home/bertrand/Documents/code/PACE2017-TrackA/core.1983)
#

---------------  S U M M A R Y ------------

Command Line: -Xmx30g -Xms30g -Xss10m tw.exact.MainDecomposer

Host: Intel(R) Core(TM) i7-7500U CPU @ 2.70GHz, 4 cores, 15G, Ubuntu 20.04.3 LTS
Time: Mon Dec 20 14:06:19 2021 CET elapsed time: 0.031853 seconds (0d 0h 0m 0s)

---------------  T H R E A D  ---------------

Current thread (0x00007f77ac016800):  JavaThread "Unknown thread" [_thread_in_vm, id=1984, stack(0x00007f77b1684000,0x00007f77b2085000)]

Stack: [0x00007f77b1684000,0x00007f77b2085000],  sp=0x00007f77b2083210,  free space=10236k
Native frames: (J=compiled Java code, A=aot compiled Java code, j=interpreted, Vv=VM code, C=native code)
V  [libjvm.so+0xe8db7a]
V  [libjvm.so+0xe8e871]
V  [libjvm.so+0x674cfa]
V  [libjvm.so+0xbdba90]
V  [libjvm.so+0xbd1fd1]
V  [libjvm.so+0x78d1d2]
V  [libjvm.so+0x78d5c0]
V  [libjvm.so+0x7987f7]
V  [libjvm.so+0x817bd8]
V  [libjvm.so+0x8187f8]
V  [libjvm.so+0x818e2e]
V  [libjvm.so+0x7465d6]
V  [libjvm.so+0x746ce2]
V  [libjvm.so+0xe4d3d6]
V  [libjvm.so+0xe4d69a]
V  [libjvm.so+0x836fec]
V  [libjvm.so+0xe2569b]
V  [libjvm.so+0x8e8b85]  JNI_CreateJavaVM+0x55
C  [libjli.so+0x4daf]
C  [libjli.so+0x9cdd]


---------------  P R O C E S S  ---------------

Threads class SMR info:
_java_thread_list=0x000055815ef44ff0, length=0, elements={
}

Java Threads: ( => current thread )

Other Threads:
  0x00007f77ac02e800 GCTaskThread "GC Thread#0" [stack: 0x00007f77b1337000,0x00007f77b1437000] [id=1985]
  0x00007f77ac06d000 ConcurrentGCThread "G1 Main Marker" [stack: 0x00007f77b0cc0000,0x00007f77b0dc0000] [id=1986]
  0x00007f77ac06f000 ConcurrentGCThread "G1 Conc#0" [stack: 0x00007f77b0bbe000,0x00007f77b0cbe000] [id=1987]

[error occurred during error reporting (printing all threads), id 0xb, SIGSEGV (0xb) at pc=0x00007f77b2b34f14]

VM state:not at safepoint (not fully initialized)

VM Mutex/Monitor currently owned by a thread:  ([mutex/lock_event])
[0x00007f77ac013ab0] Heap_lock - owner thread: 0x00007f77ac016800

Heap address: 0x0000000080000000, size: 30720 MB, Compressed Oops mode: Non-zero based: 0x0000000080000000
Narrow klass base: 0x0000000000000000, Narrow klass shift: 0

GC Heap History (0 events):
No events

Deoptimization events (0 events):
No events

Classes redefined (0 events):
No events

Internal exceptions (0 events):
No events

Events (2 events):
Event: 0.007 Protecting memory [0x00007f77b1684000,0x00007f77b1688000] with protection modes 0
Event: 0.008 Loaded shared library /usr/lib/jvm/java-11-openjdk-amd64/lib/libzip.so


Dynamic libraries:
55815ed3a000-55815ed3b000 r--p 00000000 103:03 1573660                   /usr/lib/jvm/java-11-openjdk-amd64/bin/java
55815ed3b000-55815ed3c000 r-xp 00001000 103:03 1573660                   /usr/lib/jvm/java-11-openjdk-amd64/bin/java
55815ed3c000-55815ed3d000 r--p 00002000 103:03 1573660                   /usr/lib/jvm/java-11-openjdk-amd64/bin/java
55815ed3d000-55815ed3e000 r--p 00002000 103:03 1573660                   /usr/lib/jvm/java-11-openjdk-amd64/bin/java
55815ed3e000-55815ed3f000 rw-p 00003000 103:03 1573660                   /usr/lib/jvm/java-11-openjdk-amd64/bin/java
55815ef2d000-55815ef4e000 rw-p 00000000 00:00 0                          [heap]
7f773c000000-7f773c021000 rw-p 00000000 00:00 0 
7f773c021000-7f7740000000 ---p 00000000 00:00 0 
7f7742000000-7f7744000000 rw-p 00000000 00:00 0 
7f7744000000-7f7744021000 rw-p 00000000 00:00 0 
7f7744021000-7f7748000000 ---p 00000000 00:00 0 
7f7748c00000-7f7790000000 ---p 00000000 00:00 0 
7f7790000000-7f7790021000 rw-p 00000000 00:00 0 
7f7790021000-7f7794000000 ---p 00000000 00:00 0 
7f7794853000-7f7794ac3000 rwxp 00000000 00:00 0 
7f7794ac3000-7f7794de3000 ---p 00000000 00:00 0 
7f7794de3000-7f7795053000 rwxp 00000000 00:00 0 
7f7795053000-7f779c31b000 ---p 00000000 00:00 0 
7f779c31b000-7f779c58b000 rwxp 00000000 00:00 0 
7f779c58b000-7f77a3853000 ---p 00000000 00:00 0 
7f77a3853000-7f77ac000000 r--s 00000000 103:03 1970954                   /usr/lib/jvm/java-11-openjdk-amd64/lib/modules
7f77ac000000-7f77ac08a000 rw-p 00000000 00:00 0 
7f77ac08a000-7f77b0000000 ---p 00000000 00:00 0 
7f77b07b8000-7f77b0bbc000 rw-p 00000000 00:00 0 
7f77b0bbc000-7f77b0bbd000 ---p 00000000 00:00 0 
7f77b0bbd000-7f77b0cbe000 rw-p 00000000 00:00 0 
7f77b0cbe000-7f77b0cbf000 ---p 00000000 00:00 0 
7f77b0cbf000-7f77b1335000 rw-p 00000000 00:00 0 
7f77b1335000-7f77b1336000 ---p 00000000 00:00 0 
7f77b1336000-7f77b143c000 rw-p 00000000 00:00 0 
7f77b143c000-7f77b1522000 ---p 00000000 00:00 0 
7f77b1522000-7f77b1527000 rw-p 00000000 00:00 0 
7f77b1527000-7f77b160d000 ---p 00000000 00:00 0 
7f77b160d000-7f77b1612000 rw-p 00000000 00:00 0 
7f77b1612000-7f77b1619000 ---p 00000000 00:00 0 
7f77b1619000-7f77b161c000 r--p 00000000 103:03 1450095                   /usr/lib/x86_64-linux-gnu/libnss_files-2.31.so
7f77b161c000-7f77b1623000 r-xp 00003000 103:03 1450095                   /usr/lib/x86_64-linux-gnu/libnss_files-2.31.so
7f77b1623000-7f77b1625000 r--p 0000a000 103:03 1450095                   /usr/lib/x86_64-linux-gnu/libnss_files-2.31.so
7f77b1625000-7f77b1626000 r--p 0000b000 103:03 1450095                   /usr/lib/x86_64-linux-gnu/libnss_files-2.31.so
7f77b1626000-7f77b1627000 rw-p 0000c000 103:03 1450095                   /usr/lib/x86_64-linux-gnu/libnss_files-2.31.so
7f77b1627000-7f77b162d000 rw-p 00000000 00:00 0 
7f77b162e000-7f77b1630000 r--s 0000c000 103:03 2232907                   /usr/share/java/java-atk-wrapper.jar
7f77b1630000-7f77b1632000 r--p 00000000 103:03 1970953                   /usr/lib/jvm/java-11-openjdk-amd64/lib/libzip.so
7f77b1632000-7f77b1636000 r-xp 00002000 103:03 1970953                   /usr/lib/jvm/java-11-openjdk-amd64/lib/libzip.so
7f77b1636000-7f77b1638000 r--p 00006000 103:03 1970953                   /usr/lib/jvm/java-11-openjdk-amd64/lib/libzip.so
7f77b1638000-7f77b1639000 r--p 00007000 103:03 1970953                   /usr/lib/jvm/java-11-openjdk-amd64/lib/libzip.so
7f77b1639000-7f77b163a000 rw-p 00008000 103:03 1970953                   /usr/lib/jvm/java-11-openjdk-amd64/lib/libzip.so
7f77b163a000-7f77b1642000 rw-s 00000000 103:03 26738717                  /tmp/hsperfdata_bertrand/1983
7f77b1642000-7f77b1644000 r--p 00000000 103:03 1970936                   /usr/lib/jvm/java-11-openjdk-amd64/lib/libjimage.so
7f77b1644000-7f77b1647000 r-xp 00002000 103:03 1970936                   /usr/lib/jvm/java-11-openjdk-amd64/lib/libjimage.so
7f77b1647000-7f77b1648000 r--p 00005000 103:03 1970936                   /usr/lib/jvm/java-11-openjdk-amd64/lib/libjimage.so
7f77b1648000-7f77b1649000 ---p 00006000 103:03 1970936                   /usr/lib/jvm/java-11-openjdk-amd64/lib/libjimage.so
7f77b1649000-7f77b164a000 r--p 00006000 103:03 1970936                   /usr/lib/jvm/java-11-openjdk-amd64/lib/libjimage.so
7f77b164a000-7f77b164b000 rw-p 00007000 103:03 1970936                   /usr/lib/jvm/java-11-openjdk-amd64/lib/libjimage.so
7f77b164b000-7f77b1659000 r--p 00000000 103:03 1970933                   /usr/lib/jvm/java-11-openjdk-amd64/lib/libjava.so
7f77b1659000-7f77b166f000 r-xp 0000e000 103:03 1970933                   /usr/lib/jvm/java-11-openjdk-amd64/lib/libjava.so
7f77b166f000-7f77b1676000 r--p 00024000 103:03 1970933                   /usr/lib/jvm/java-11-openjdk-amd64/lib/libjava.so
7f77b1676000-7f77b1677000 r--p 0002a000 103:03 1970933                   /usr/lib/jvm/java-11-openjdk-amd64/lib/libjava.so
7f77b1677000-7f77b1678000 rw-p 0002b000 103:03 1970933                   /usr/lib/jvm/java-11-openjdk-amd64/lib/libjava.so
7f77b1678000-7f77b1679000 rw-p 00000000 00:00 0 
7f77b1679000-7f77b167c000 r--p 00000000 103:03 1450302                   /usr/lib/x86_64-linux-gnu/librt-2.31.so
7f77b167c000-7f77b1680000 r-xp 00003000 103:03 1450302                   /usr/lib/x86_64-linux-gnu/librt-2.31.so
7f77b1680000-7f77b1681000 r--p 00007000 103:03 1450302                   /usr/lib/x86_64-linux-gnu/librt-2.31.so
7f77b1681000-7f77b1682000 ---p 00008000 103:03 1450302                   /usr/lib/x86_64-linux-gnu/librt-2.31.so
7f77b1682000-7f77b1683000 r--p 00008000 103:03 1450302                   /usr/lib/x86_64-linux-gnu/librt-2.31.so
7f77b1683000-7f77b1684000 rw-p 00009000 103:03 1450302                   /usr/lib/x86_64-linux-gnu/librt-2.31.so
7f77b1684000-7f77b1688000 ---p 00000000 00:00 0 
7f77b1688000-7f77b2085000 rw-p 00000000 00:00 0 
7f77b2085000-7f77b2088000 r--p 00000000 103:03 1449608                   /usr/lib/x86_64-linux-gnu/libgcc_s.so.1
7f77b2088000-7f77b209a000 r-xp 00003000 103:03 1449608                   /usr/lib/x86_64-linux-gnu/libgcc_s.so.1
7f77b209a000-7f77b209e000 r--p 00015000 103:03 1449608                   /usr/lib/x86_64-linux-gnu/libgcc_s.so.1
7f77b209e000-7f77b209f000 r--p 00018000 103:03 1449608                   /usr/lib/x86_64-linux-gnu/libgcc_s.so.1
7f77b209f000-7f77b20a0000 rw-p 00019000 103:03 1449608                   /usr/lib/x86_64-linux-gnu/libgcc_s.so.1
7f77b20a0000-7f77b20af000 r--p 00000000 103:03 1449969                   /usr/lib/x86_64-linux-gnu/libm-2.31.so
7f77b20af000-7f77b2156000 r-xp 0000f000 103:03 1449969                   /usr/lib/x86_64-linux-gnu/libm-2.31.so
7f77b2156000-7f77b21ed000 r--p 000b6000 103:03 1449969                   /usr/lib/x86_64-linux-gnu/libm-2.31.so
7f77b21ed000-7f77b21ee000 r--p 0014c000 103:03 1449969                   /usr/lib/x86_64-linux-gnu/libm-2.31.so
7f77b21ee000-7f77b21ef000 rw-p 0014d000 103:03 1449969                   /usr/lib/x86_64-linux-gnu/libm-2.31.so
7f77b21ef000-7f77b2285000 r--p 00000000 103:03 1450411                   /usr/lib/x86_64-linux-gnu/libstdc++.so.6.0.28
7f77b2285000-7f77b2376000 r-xp 00096000 103:03 1450411                   /usr/lib/x86_64-linux-gnu/libstdc++.so.6.0.28
7f77b2376000-7f77b23bf000 r--p 00187000 103:03 1450411                   /usr/lib/x86_64-linux-gnu/libstdc++.so.6.0.28
7f77b23bf000-7f77b23c0000 ---p 001d0000 103:03 1450411                   /usr/lib/x86_64-linux-gnu/libstdc++.so.6.0.28
7f77b23c0000-7f77b23cb000 r--p 001d0000 103:03 1450411                   /usr/lib/x86_64-linux-gnu/libstdc++.so.6.0.28
7f77b23cb000-7f77b23ce000 rw-p 001db000 103:03 1450411                   /usr/lib/x86_64-linux-gnu/libstdc++.so.6.0.28
7f77b23ce000-7f77b23d1000 rw-p 00000000 00:00 0 
7f77b23d1000-7f77b2652000 r--p 00000000 103:03 1970959                   /usr/lib/jvm/java-11-openjdk-amd64/lib/server/libjvm.so
7f77b2652000-7f77b32d2000 r-xp 00281000 103:03 1970959                   /usr/lib/jvm/java-11-openjdk-amd64/lib/server/libjvm.so
7f77b32d2000-7f77b352d000 r--p 00f01000 103:03 1970959                   /usr/lib/jvm/java-11-openjdk-amd64/lib/server/libjvm.so
7f77b352d000-7f77b35f1000 r--p 0115b000 103:03 1970959                   /usr/lib/jvm/java-11-openjdk-amd64/lib/server/libjvm.so
7f77b35f1000-7f77b362c000 rw-p 0121f000 103:03 1970959                   /usr/lib/jvm/java-11-openjdk-amd64/lib/server/libjvm.so
7f77b362c000-7f77b3685000 rw-p 00000000 00:00 0 
7f77b3685000-7f77b368c000 r--p 00000000 103:03 1450239                   /usr/lib/x86_64-linux-gnu/libpthread-2.31.so
7f77b368c000-7f77b369d000 r-xp 00007000 103:03 1450239                   /usr/lib/x86_64-linux-gnu/libpthread-2.31.so
7f77b369d000-7f77b36a2000 r--p 00018000 103:03 1450239                   /usr/lib/x86_64-linux-gnu/libpthread-2.31.so
7f77b36a2000-7f77b36a3000 r--p 0001c000 103:03 1450239                   /usr/lib/x86_64-linux-gnu/libpthread-2.31.so
7f77b36a3000-7f77b36a4000 rw-p 0001d000 103:03 1450239                   /usr/lib/x86_64-linux-gnu/libpthread-2.31.so
7f77b36a4000-7f77b36a8000 rw-p 00000000 00:00 0 
7f77b36a8000-7f77b36a9000 r--p 00000000 103:03 1449456                   /usr/lib/x86_64-linux-gnu/libdl-2.31.so
7f77b36a9000-7f77b36ab000 r-xp 00001000 103:03 1449456                   /usr/lib/x86_64-linux-gnu/libdl-2.31.so
7f77b36ab000-7f77b36ac000 r--p 00003000 103:03 1449456                   /usr/lib/x86_64-linux-gnu/libdl-2.31.so
7f77b36ac000-7f77b36ad000 r--p 00003000 103:03 1449456                   /usr/lib/x86_64-linux-gnu/libdl-2.31.so
7f77b36ad000-7f77b36ae000 rw-p 00004000 103:03 1449456                   /usr/lib/x86_64-linux-gnu/libdl-2.31.so
7f77b36ae000-7f77b36b0000 r--p 00000000 103:03 1450674                   /usr/lib/x86_64-linux-gnu/libz.so.1.2.11
7f77b36b0000-7f77b36c1000 r-xp 00002000 103:03 1450674                   /usr/lib/x86_64-linux-gnu/libz.so.1.2.11
7f77b36c1000-7f77b36c7000 r--p 00013000 103:03 1450674                   /usr/lib/x86_64-linux-gnu/libz.so.1.2.11
7f77b36c7000-7f77b36c8000 ---p 00019000 103:03 1450674                   /usr/lib/x86_64-linux-gnu/libz.so.1.2.11
7f77b36c8000-7f77b36c9000 r--p 00019000 103:03 1450674                   /usr/lib/x86_64-linux-gnu/libz.so.1.2.11
7f77b36c9000-7f77b36ca000 rw-p 0001a000 103:03 1450674                   /usr/lib/x86_64-linux-gnu/libz.so.1.2.11
7f77b36ca000-7f77b36ef000 r--p 00000000 103:03 1449315                   /usr/lib/x86_64-linux-gnu/libc-2.31.so
7f77b36ef000-7f77b3867000 r-xp 00025000 103:03 1449315                   /usr/lib/x86_64-linux-gnu/libc-2.31.so
7f77b3867000-7f77b38b1000 r--p 0019d000 103:03 1449315                   /usr/lib/x86_64-linux-gnu/libc-2.31.so
7f77b38b1000-7f77b38b2000 ---p 001e7000 103:03 1449315                   /usr/lib/x86_64-linux-gnu/libc-2.31.so
7f77b38b2000-7f77b38b5000 r--p 001e7000 103:03 1449315                   /usr/lib/x86_64-linux-gnu/libc-2.31.so
7f77b38b5000-7f77b38b8000 rw-p 001ea000 103:03 1449315                   /usr/lib/x86_64-linux-gnu/libc-2.31.so
7f77b38b8000-7f77b38bc000 rw-p 00000000 00:00 0 
7f77b38bd000-7f77b38be000 ---p 00000000 00:00 0 
7f77b38be000-7f77b38bf000 r--p 00000000 00:00 0 
7f77b38bf000-7f77b38c4000 r--p 00000000 103:03 1970952                   /usr/lib/jvm/java-11-openjdk-amd64/lib/libverify.so
7f77b38c4000-7f77b38cb000 r-xp 00005000 103:03 1970952                   /usr/lib/jvm/java-11-openjdk-amd64/lib/libverify.so
7f77b38cb000-7f77b38cd000 r--p 0000c000 103:03 1970952                   /usr/lib/jvm/java-11-openjdk-amd64/lib/libverify.so
7f77b38cd000-7f77b38ce000 ---p 0000e000 103:03 1970952                   /usr/lib/jvm/java-11-openjdk-amd64/lib/libverify.so
7f77b38ce000-7f77b38d0000 r--p 0000e000 103:03 1970952                   /usr/lib/jvm/java-11-openjdk-amd64/lib/libverify.so
7f77b38d0000-7f77b38d1000 rw-p 00010000 103:03 1970952                   /usr/lib/jvm/java-11-openjdk-amd64/lib/libverify.so
7f77b38d1000-7f77b38d4000 r--p 00000000 103:03 1970918                   /usr/lib/jvm/java-11-openjdk-amd64/lib/jli/libjli.so
7f77b38d4000-7f77b38de000 r-xp 00003000 103:03 1970918                   /usr/lib/jvm/java-11-openjdk-amd64/lib/jli/libjli.so
7f77b38de000-7f77b38e1000 r--p 0000d000 103:03 1970918                   /usr/lib/jvm/java-11-openjdk-amd64/lib/jli/libjli.so
7f77b38e1000-7f77b38e2000 ---p 00010000 103:03 1970918                   /usr/lib/jvm/java-11-openjdk-amd64/lib/jli/libjli.so
7f77b38e2000-7f77b38e3000 r--p 00010000 103:03 1970918                   /usr/lib/jvm/java-11-openjdk-amd64/lib/jli/libjli.so
7f77b38e3000-7f77b38e4000 rw-p 00011000 103:03 1970918                   /usr/lib/jvm/java-11-openjdk-amd64/lib/jli/libjli.so
7f77b38e4000-7f77b38e6000 rw-p 00000000 00:00 0 
7f77b38e6000-7f77b38e7000 r--p 00000000 103:03 1449097                   /usr/lib/x86_64-linux-gnu/ld-2.31.so
7f77b38e7000-7f77b390a000 r-xp 00001000 103:03 1449097                   /usr/lib/x86_64-linux-gnu/ld-2.31.so
7f77b390a000-7f77b3912000 r--p 00024000 103:03 1449097                   /usr/lib/x86_64-linux-gnu/ld-2.31.so
7f77b3913000-7f77b3914000 r--p 0002c000 103:03 1449097                   /usr/lib/x86_64-linux-gnu/ld-2.31.so
7f77b3914000-7f77b3915000 rw-p 0002d000 103:03 1449097                   /usr/lib/x86_64-linux-gnu/ld-2.31.so
7f77b3915000-7f77b3916000 rw-p 00000000 00:00 0 
7ffcf3b11000-7ffcf3b32000 rw-p 00000000 00:00 0                          [stack]
7ffcf3b32000-7ffcf3b36000 r--p 00000000 00:00 0                          [vvar]
7ffcf3b36000-7ffcf3b38000 r-xp 00000000 00:00 0                          [vdso]
ffffffffff600000-ffffffffff601000 --xp 00000000 00:00 0                  [vsyscall]


VM Arguments:
jvm_args: -Xmx30g -Xms30g -Xss10m 
java_command: tw.exact.MainDecomposer
java_class_path (initial): .
Launcher Type: SUN_STANDARD

[Global flags]
     intx CICompilerCount                          = 3                                         {product} {ergonomic}
     uint ConcGCThreads                            = 1                                         {product} {ergonomic}
     uint G1ConcRefinementThreads                  = 4                                         {product} {ergonomic}
   size_t G1HeapRegionSize                         = 8388608                                   {product} {ergonomic}
    uintx GCDrainStackTargetSize                   = 64                                        {product} {ergonomic}
   size_t InitialHeapSize                          = 32212254720                               {product} {command line}
   size_t MarkStackSize                            = 4194304                                   {product} {ergonomic}
   size_t MaxHeapSize                              = 32212254720                               {product} {command line}
   size_t MinHeapDeltaBytes                        = 8388608                                   {product} {ergonomic}
    uintx NonNMethodCodeHeapSize                   = 5830732                                {pd product} {ergonomic}
    uintx NonProfiledCodeHeapSize                  = 122913754                              {pd product} {ergonomic}
    uintx ProfiledCodeHeapSize                     = 122913754                              {pd product} {ergonomic}
    uintx ReservedCodeCacheSize                    = 251658240                              {pd product} {ergonomic}
     bool SegmentedCodeCache                       = true                                      {product} {ergonomic}
     intx ThreadStackSize                          = 10240                                  {pd product} {command line}
     bool UseCompressedClassPointers               = true                                 {lp64_product} {ergonomic}
     bool UseCompressedOops                        = true                                 {lp64_product} {ergonomic}
     bool UseG1GC                                  = true                                      {product} {ergonomic}

Logging:
Log output configuration:
 #0: stdout all=warning uptime,level,tags
 #1: stderr all=off uptime,level,tags

Environment Variables:
PATH=/home/bertrand/.local/bin:/usr/local/sbin:/usr/local/bin:/usr/sbin:/usr/bin:/sbin:/bin:/usr/games:/usr/local/games:/snap/bin
USERNAME=bertrand
SHELL=/bin/bash
DISPLAY=:0
LANG=en_US.UTF-8

Signal Handlers:
SIGSEGV: [libjvm.so+0xe8e8d0], sa_mask[0]=11111111011111111101111111111110, sa_flags=SA_RESTART|SA_SIGINFO
SIGBUS: [libjvm.so+0xe8e8d0], sa_mask[0]=11111111011111111101111111111110, sa_flags=SA_RESTART|SA_SIGINFO
SIGFPE: [libjvm.so+0xe8e8d0], sa_mask[0]=11111111011111111101111111111110, sa_flags=SA_RESTART|SA_SIGINFO
SIGPIPE: [libjvm.so+0xbd6910], sa_mask[0]=11111111011111111101111111111110, sa_flags=SA_RESTART|SA_SIGINFO
SIGXFSZ: [libjvm.so+0xbd6910], sa_mask[0]=11111111011111111101111111111110, sa_flags=SA_RESTART|SA_SIGINFO
SIGILL: [libjvm.so+0xe8e8d0], sa_mask[0]=11111111011111111101111111111110, sa_flags=SA_RESTART|SA_SIGINFO
SIGUSR2: [libjvm.so+0xbd67b0], sa_mask[0]=00000000000000000000000000000000, sa_flags=SA_RESTART|SA_SIGINFO
SIGHUP: SIG_DFL, sa_mask[0]=00000000000000000000000000000000, sa_flags=none
SIGINT: SIG_DFL, sa_mask[0]=00000000000000000000000000000000, sa_flags=none
SIGTERM: SIG_DFL, sa_mask[0]=00000000000000000000000000000000, sa_flags=none
SIGQUIT: SIG_DFL, sa_mask[0]=00000000000000000000000000000000, sa_flags=none


---------------  S Y S T E M  ---------------

OS:DISTRIB_ID=Ubuntu
DISTRIB_RELEASE=20.04
DISTRIB_CODENAME=focal
DISTRIB_DESCRIPTION="Ubuntu 20.04.3 LTS"
uname:Linux 5.11.0-43-generic #47~20.04.2-Ubuntu SMP Mon Dec 13 11:06:56 UTC 2021 x86_64
OS uptime: 0 days 0:02 hours
libc:glibc 2.31 NPTL 2.31 
rlimit (soft/hard): STACK 8192k/infinity , CORE 0k/infinity , NPROC 61535/61535 , NOFILE 1048576/1048576 , AS infinity/infinity , CPU infinity/infinity , DATA infinity/infinity , FSIZE infinity/infinity , MEMLOCK 65536k/65536k
load average:0.64 0.40 0.16

/proc/meminfo:
MemTotal:       15818596 kB
MemFree:        13980308 kB
MemAvailable:   14532184 kB
Buffers:           54536 kB
Cached:          1062988 kB
SwapCached:            0 kB
Active:           290256 kB
Inactive:         952100 kB
Active(anon):       2020 kB
Inactive(anon):   470800 kB
Active(file):     288236 kB
Inactive(file):   481300 kB
Unevictable:      347384 kB
Mlocked:               0 kB
SwapTotal:       2097148 kB
SwapFree:        2097148 kB
Dirty:              2060 kB
Writeback:             0 kB
AnonPages:        472728 kB
Mapped:           249564 kB
Shmem:            349816 kB
KReclaimable:      79932 kB
Slab:             158960 kB
SReclaimable:      79932 kB
SUnreclaim:        79028 kB
KernelStack:        7424 kB
PageTables:        12928 kB
NFS_Unstable:          0 kB
Bounce:                0 kB
WritebackTmp:          0 kB
CommitLimit:    10006444 kB
Committed_AS:    3664864 kB
VmallocTotal:   34359738367 kB
VmallocUsed:       28308 kB
VmallocChunk:          0 kB
Percpu:             2880 kB
HardwareCorrupted:     0 kB
AnonHugePages:         0 kB
ShmemHugePages:        0 kB
ShmemPmdMapped:        0 kB
FileHugePages:         0 kB
FilePmdMapped:         0 kB
HugePages_Total:       0
HugePages_Free:        0
HugePages_Rsvd:        0
HugePages_Surp:        0
Hugepagesize:       2048 kB
Hugetlb:               0 kB
DirectMap4k:      187704 kB
DirectMap2M:     4474880 kB
DirectMap1G:    11534336 kB

/sys/kernel/mm/transparent_hugepage/enabled:
always [madvise] never
/sys/kernel/mm/transparent_hugepage/defrag (defrag/compaction efforts parameter):
always defer defer+madvise [madvise] never

Process Memory:
Virtual Size: 1897812K (peak: 33383748K)
Resident Set Size: 15612K (peak: 15612K) (anon: 2892K, file: 12720K, shmem: 0K)
Swapped out: 0K
C-Heap outstanding allocations: 656K

/proc/sys/kernel/threads-max (system-wide limit on the number of threads):
123071
/proc/sys/vm/max_map_count (maximum number of memory map areas a process may have):
65530
/proc/sys/kernel/pid_max (system-wide limit on number of process identifiers):
4194304

container (cgroup) information:
container_type: cgroupv1
cpu_cpuset_cpus: 0-3
cpu_memory_nodes: 0
active_processor_count: 4
cpu_quota: -1
cpu_period: 100000
cpu_shares: -1
memory_limit_in_bytes: -1
memory_and_swap_limit_in_bytes: -1
memory_soft_limit_in_bytes: -1
memory_usage_in_bytes: 892698624
memory_max_usage_in_bytes: 892805120

Steal ticks since vm start: 0
Steal ticks percentage since vm start:  0.000

CPU:total 4 (initial active 4) (2 cores per cpu, 2 threads per core) family 6 model 142 stepping 9 microcode 0xea, cmov, cx8, fxsr, mmx, sse, sse2, sse3, ssse3, sse4.1, sse4.2, popcnt, avx, avx2, aes, clmul, erms, 3dnowpref, lzcnt, ht, tsc, tscinvbit, bmi1, bmi2, adx, fma
CPU Model and flags from /proc/cpuinfo:
model name	: Intel(R) Core(TM) i7-7500U CPU @ 2.70GHz
flags		: fpu vme de pse tsc msr pae mce cx8 apic sep mtrr pge mca cmov pat pse36 clflush dts acpi mmx fxsr sse sse2 ss ht tm pbe syscall nx pdpe1gb rdtscp lm constant_tsc art arch_perfmon pebs bts rep_good nopl xtopology nonstop_tsc cpuid aperfmperf pni pclmulqdq dtes64 monitor ds_cpl vmx est tm2 ssse3 sdbg fma cx16 xtpr pdcm pcid sse4_1 sse4_2 x2apic movbe popcnt tsc_deadline_timer aes xsave avx f16c rdrand lahf_lm abm 3dnowprefetch cpuid_fault epb invpcid_single pti ssbd ibrs ibpb stibp tpr_shadow vnmi flexpriority ept vpid ept_ad fsgsbase tsc_adjust bmi1 avx2 smep bmi2 erms invpcid mpx rdseed adx smap clflushopt intel_pt xsaveopt xsavec xgetbv1 xsaves dtherm ida arat pln pts hwp hwp_notify hwp_act_window hwp_epp md_clear flush_l1d
Online cpus:
0-3
Offline cpus:

BIOS frequency limitation:
<Not Available>
Frequency switch latency (ns):
0
Available cpu frequencies:
<Not Available>
Current governor:
powersave
Core performance/turbo boost:
<Not Available>

Memory: 4k page, physical 15818596k(13980308k free), swap 2097148k(2097148k free)

vm_info: OpenJDK 64-Bit Server VM (11.0.13+8-Ubuntu-0ubuntu1.20.04) for linux-amd64 JRE (11.0.13+8-Ubuntu-0ubuntu1.20.04), built on Oct 29 2021 09:11:30 by "unknown" with gcc 9.3.0

END.
